<?xml version="1.0" encoding="UTF-8"?>
<robot generator="Robot 5.0 (Python 3.10.4 on darwin)" generated="20220422 09:20:49.600" rpa="false" schemaversion="3">
<suite id="s1" name="Libre-View-Tests" source="/Users/elainekodama/Documents/Projects/AbbottTesting/tests/libre-view-tests.robot">
<test id="s1-t1" name="Manage Cookies" line="20">
<kw name="open browser" library="resources" type="SETUP">
<kw name="Create Webdriver" library="SeleniumLibrary">
<arg>${browser}</arg>
<arg>executable_path=${driverPath}</arg>
<doc>Creates an instance of Selenium WebDriver.</doc>
<msg timestamp="20220422 09:20:49.711" level="INFO">Creating an instance of the Chrome WebDriver.</msg>
<status status="PASS" starttime="20220422 09:20:49.710" endtime="20220422 09:20:59.424"/>
</kw>
<kw name="Go To" library="SeleniumLibrary">
<arg>${mainURL}</arg>
<doc>Navigates the current browser window to the provided ``url``.</doc>
<msg timestamp="20220422 09:20:59.425" level="INFO">Opening url 'https://www.libreview.com/'</msg>
<status status="PASS" starttime="20220422 09:20:59.425" endtime="20220422 09:21:05.006"/>
</kw>
<status status="PASS" starttime="20220422 09:20:49.710" endtime="20220422 09:21:05.006"/>
</kw>
<kw name="cookies popup" library="country-language">
<arg>${manageCookies}</arg>
<kw name="Page Should Contain Button" library="SeleniumLibrary">
<arg>${manageCookies}</arg>
<doc>Verifies button ``locator`` is found from current page.</doc>
<msg timestamp="20220422 09:21:05.451" level="INFO">Current page contains button 'id:truste-show-consent'.</msg>
<status status="PASS" starttime="20220422 09:21:05.007" endtime="20220422 09:21:05.451"/>
</kw>
<kw name="Page Should Contain Button" library="SeleniumLibrary">
<arg>${acceptCookies}</arg>
<doc>Verifies button ``locator`` is found from current page.</doc>
<msg timestamp="20220422 09:21:05.486" level="INFO">Current page contains button 'id:truste-consent-button'.</msg>
<status status="PASS" starttime="20220422 09:21:05.451" endtime="20220422 09:21:05.486"/>
</kw>
<kw name="Page Should Contain Button" library="SeleniumLibrary">
<arg>${rejectCookies}</arg>
<doc>Verifies button ``locator`` is found from current page.</doc>
<msg timestamp="20220422 09:21:05.500" level="INFO">Current page contains button 'id:truste-consent-required'.</msg>
<status status="PASS" starttime="20220422 09:21:05.486" endtime="20220422 09:21:05.500"/>
</kw>
<kw name="Page Should Contain Element" library="SeleniumLibrary">
<arg>${xcookies}</arg>
<doc>Verifies that element ``locator`` is found on the current page.</doc>
<msg timestamp="20220422 09:21:05.506" level="INFO">Current page contains element 'id:truste-consent-close'.</msg>
<status status="PASS" starttime="20220422 09:21:05.501" endtime="20220422 09:21:05.506"/>
</kw>
<kw name="Click Element" library="SeleniumLibrary">
<arg>${cookiesElement}</arg>
<doc>Click the element identified by ``locator``.</doc>
<msg timestamp="20220422 09:21:05.506" level="INFO">Clicking element 'id:truste-show-consent'.</msg>
<status status="PASS" starttime="20220422 09:21:05.506" endtime="20220422 09:21:06.079"/>
</kw>
<kw name="Wait Until Element Is Visible" library="SeleniumLibrary">
<arg>${countryLangsubmit}</arg>
<doc>Waits until the element ``locator`` is visible.</doc>
<status status="PASS" starttime="20220422 09:21:06.079" endtime="20220422 09:21:08.149"/>
</kw>
<kw name="Element Should Be Enabled" library="SeleniumLibrary">
<arg>${countryLangsubmit}</arg>
<doc>Verifies that element identified by ``locator`` is enabled.</doc>
<status status="PASS" starttime="20220422 09:21:08.149" endtime="20220422 09:21:08.169"/>
</kw>
<status status="PASS" starttime="20220422 09:21:05.007" endtime="20220422 09:21:08.169"/>
</kw>
<kw name="Element Should Be Enabled" library="SeleniumLibrary">
<arg>${countryLangsubmit}</arg>
<doc>Verifies that element identified by ``locator`` is enabled.</doc>
<status status="PASS" starttime="20220422 09:21:08.169" endtime="20220422 09:21:08.183"/>
</kw>
<kw name="Close Browser" library="SeleniumLibrary" type="TEARDOWN">
<doc>Closes the current browser.</doc>
<status status="PASS" starttime="20220422 09:21:08.183" endtime="20220422 09:21:08.247"/>
</kw>
<status status="PASS" starttime="20220422 09:20:49.710" endtime="20220422 09:21:08.247"/>
</test>
<test id="s1-t2" name="Allow Cookies" line="28">
<kw name="open browser" library="resources" type="SETUP">
<kw name="Create Webdriver" library="SeleniumLibrary">
<arg>${browser}</arg>
<arg>executable_path=${driverPath}</arg>
<doc>Creates an instance of Selenium WebDriver.</doc>
<msg timestamp="20220422 09:21:08.249" level="INFO">Creating an instance of the Chrome WebDriver.</msg>
<status status="PASS" starttime="20220422 09:21:08.248" endtime="20220422 09:21:13.750"/>
</kw>
<kw name="Go To" library="SeleniumLibrary">
<arg>${mainURL}</arg>
<doc>Navigates the current browser window to the provided ``url``.</doc>
<msg timestamp="20220422 09:21:13.751" level="INFO">Opening url 'https://www.libreview.com/'</msg>
<status status="PASS" starttime="20220422 09:21:13.750" endtime="20220422 09:21:19.087"/>
</kw>
<status status="PASS" starttime="20220422 09:21:08.248" endtime="20220422 09:21:19.087"/>
</kw>
<kw name="cookies popup" library="country-language">
<arg>${acceptCookies}</arg>
<kw name="Page Should Contain Button" library="SeleniumLibrary">
<arg>${manageCookies}</arg>
<doc>Verifies button ``locator`` is found from current page.</doc>
<msg timestamp="20220422 09:21:19.526" level="INFO">Current page contains button 'id:truste-show-consent'.</msg>
<status status="PASS" starttime="20220422 09:21:19.087" endtime="20220422 09:21:19.526"/>
</kw>
<kw name="Page Should Contain Button" library="SeleniumLibrary">
<arg>${acceptCookies}</arg>
<doc>Verifies button ``locator`` is found from current page.</doc>
<msg timestamp="20220422 09:21:19.571" level="INFO">Current page contains button 'id:truste-consent-button'.</msg>
<status status="PASS" starttime="20220422 09:21:19.526" endtime="20220422 09:21:19.571"/>
</kw>
<kw name="Page Should Contain Button" library="SeleniumLibrary">
<arg>${rejectCookies}</arg>
<doc>Verifies button ``locator`` is found from current page.</doc>
<msg timestamp="20220422 09:21:19.616" level="INFO">Current page contains button 'id:truste-consent-required'.</msg>
<status status="PASS" starttime="20220422 09:21:19.571" endtime="20220422 09:21:19.616"/>
</kw>
<kw name="Page Should Contain Element" library="SeleniumLibrary">
<arg>${xcookies}</arg>
<doc>Verifies that element ``locator`` is found on the current page.</doc>
<msg timestamp="20220422 09:21:19.621" level="INFO">Current page contains element 'id:truste-consent-close'.</msg>
<status status="PASS" starttime="20220422 09:21:19.616" endtime="20220422 09:21:19.621"/>
</kw>
<kw name="Click Element" library="SeleniumLibrary">
<arg>${cookiesElement}</arg>
<doc>Click the element identified by ``locator``.</doc>
<msg timestamp="20220422 09:21:19.622" level="INFO">Clicking element 'id:truste-consent-button'.</msg>
<status status="PASS" starttime="20220422 09:21:19.621" endtime="20220422 09:21:19.965"/>
</kw>
<kw name="Wait Until Element Is Visible" library="SeleniumLibrary">
<arg>${countryLangsubmit}</arg>
<doc>Waits until the element ``locator`` is visible.</doc>
<status status="PASS" starttime="20220422 09:21:19.965" endtime="20220422 09:21:21.936"/>
</kw>
<kw name="Element Should Be Enabled" library="SeleniumLibrary">
<arg>${countryLangsubmit}</arg>
<doc>Verifies that element identified by ``locator`` is enabled.</doc>
<status status="PASS" starttime="20220422 09:21:21.936" endtime="20220422 09:21:21.973"/>
</kw>
<status status="PASS" starttime="20220422 09:21:19.087" endtime="20220422 09:21:21.973"/>
</kw>
<kw name="Close Browser" library="SeleniumLibrary" type="TEARDOWN">
<doc>Closes the current browser.</doc>
<status status="PASS" starttime="20220422 09:21:21.974" endtime="20220422 09:21:22.035"/>
</kw>
<status status="PASS" starttime="20220422 09:21:08.248" endtime="20220422 09:21:22.035"/>
</test>
<test id="s1-t3" name="Reject Cookies" line="31">
<kw name="open browser" library="resources" type="SETUP">
<kw name="Create Webdriver" library="SeleniumLibrary">
<arg>${browser}</arg>
<arg>executable_path=${driverPath}</arg>
<doc>Creates an instance of Selenium WebDriver.</doc>
<msg timestamp="20220422 09:21:22.036" level="INFO">Creating an instance of the Chrome WebDriver.</msg>
<status status="PASS" starttime="20220422 09:21:22.036" endtime="20220422 09:21:27.398"/>
</kw>
<kw name="Go To" library="SeleniumLibrary">
<arg>${mainURL}</arg>
<doc>Navigates the current browser window to the provided ``url``.</doc>
<msg timestamp="20220422 09:21:27.398" level="INFO">Opening url 'https://www.libreview.com/'</msg>
<status status="PASS" starttime="20220422 09:21:27.398" endtime="20220422 09:21:32.669"/>
</kw>
<status status="PASS" starttime="20220422 09:21:22.036" endtime="20220422 09:21:32.670"/>
</kw>
<kw name="cookies popup" library="country-language">
<arg>${rejectCookies}</arg>
<kw name="Page Should Contain Button" library="SeleniumLibrary">
<arg>${manageCookies}</arg>
<doc>Verifies button ``locator`` is found from current page.</doc>
<msg timestamp="20220422 09:21:33.234" level="INFO">Current page contains button 'id:truste-show-consent'.</msg>
<status status="PASS" starttime="20220422 09:21:32.670" endtime="20220422 09:21:33.234"/>
</kw>
<kw name="Page Should Contain Button" library="SeleniumLibrary">
<arg>${acceptCookies}</arg>
<doc>Verifies button ``locator`` is found from current page.</doc>
<msg timestamp="20220422 09:21:33.263" level="INFO">Current page contains button 'id:truste-consent-button'.</msg>
<status status="PASS" starttime="20220422 09:21:33.234" endtime="20220422 09:21:33.263"/>
</kw>
<kw name="Page Should Contain Button" library="SeleniumLibrary">
<arg>${rejectCookies}</arg>
<doc>Verifies button ``locator`` is found from current page.</doc>
<msg timestamp="20220422 09:21:33.277" level="INFO">Current page contains button 'id:truste-consent-required'.</msg>
<status status="PASS" starttime="20220422 09:21:33.263" endtime="20220422 09:21:33.277"/>
</kw>
<kw name="Page Should Contain Element" library="SeleniumLibrary">
<arg>${xcookies}</arg>
<doc>Verifies that element ``locator`` is found on the current page.</doc>
<msg timestamp="20220422 09:21:33.282" level="INFO">Current page contains element 'id:truste-consent-close'.</msg>
<status status="PASS" starttime="20220422 09:21:33.277" endtime="20220422 09:21:33.282"/>
</kw>
<kw name="Click Element" library="SeleniumLibrary">
<arg>${cookiesElement}</arg>
<doc>Click the element identified by ``locator``.</doc>
<msg timestamp="20220422 09:21:33.282" level="INFO">Clicking element 'id:truste-consent-required'.</msg>
<status status="PASS" starttime="20220422 09:21:33.282" endtime="20220422 09:21:33.492"/>
</kw>
<kw name="Wait Until Element Is Visible" library="SeleniumLibrary">
<arg>${countryLangsubmit}</arg>
<doc>Waits until the element ``locator`` is visible.</doc>
<status status="PASS" starttime="20220422 09:21:33.492" endtime="20220422 09:21:35.537"/>
</kw>
<kw name="Element Should Be Enabled" library="SeleniumLibrary">
<arg>${countryLangsubmit}</arg>
<doc>Verifies that element identified by ``locator`` is enabled.</doc>
<status status="PASS" starttime="20220422 09:21:35.538" endtime="20220422 09:21:35.556"/>
</kw>
<status status="PASS" starttime="20220422 09:21:32.670" endtime="20220422 09:21:35.557"/>
</kw>
<kw name="Close Browser" library="SeleniumLibrary" type="TEARDOWN">
<doc>Closes the current browser.</doc>
<status status="PASS" starttime="20220422 09:21:35.557" endtime="20220422 09:21:35.618"/>
</kw>
<status status="PASS" starttime="20220422 09:21:22.035" endtime="20220422 09:21:35.618"/>
</test>
<test id="s1-t4" name="Close Cookies" line="34">
<kw name="open browser" library="resources" type="SETUP">
<kw name="Create Webdriver" library="SeleniumLibrary">
<arg>${browser}</arg>
<arg>executable_path=${driverPath}</arg>
<doc>Creates an instance of Selenium WebDriver.</doc>
<msg timestamp="20220422 09:21:35.620" level="INFO">Creating an instance of the Chrome WebDriver.</msg>
<status status="PASS" starttime="20220422 09:21:35.619" endtime="20220422 09:21:41.036"/>
</kw>
<kw name="Go To" library="SeleniumLibrary">
<arg>${mainURL}</arg>
<doc>Navigates the current browser window to the provided ``url``.</doc>
<msg timestamp="20220422 09:21:41.037" level="INFO">Opening url 'https://www.libreview.com/'</msg>
<status status="PASS" starttime="20220422 09:21:41.037" endtime="20220422 09:21:46.840"/>
</kw>
<status status="PASS" starttime="20220422 09:21:35.619" endtime="20220422 09:21:46.840"/>
</kw>
<kw name="cookies popup" library="country-language">
<arg>${xCookies}</arg>
<kw name="Page Should Contain Button" library="SeleniumLibrary">
<arg>${manageCookies}</arg>
<doc>Verifies button ``locator`` is found from current page.</doc>
<msg timestamp="20220422 09:21:47.214" level="INFO">Current page contains button 'id:truste-show-consent'.</msg>
<status status="PASS" starttime="20220422 09:21:46.841" endtime="20220422 09:21:47.214"/>
</kw>
<kw name="Page Should Contain Button" library="SeleniumLibrary">
<arg>${acceptCookies}</arg>
<doc>Verifies button ``locator`` is found from current page.</doc>
<msg timestamp="20220422 09:21:47.241" level="INFO">Current page contains button 'id:truste-consent-button'.</msg>
<status status="PASS" starttime="20220422 09:21:47.214" endtime="20220422 09:21:47.241"/>
</kw>
<kw name="Page Should Contain Button" library="SeleniumLibrary">
<arg>${rejectCookies}</arg>
<doc>Verifies button ``locator`` is found from current page.</doc>
<msg timestamp="20220422 09:21:47.262" level="INFO">Current page contains button 'id:truste-consent-required'.</msg>
<status status="PASS" starttime="20220422 09:21:47.241" endtime="20220422 09:21:47.262"/>
</kw>
<kw name="Page Should Contain Element" library="SeleniumLibrary">
<arg>${xcookies}</arg>
<doc>Verifies that element ``locator`` is found on the current page.</doc>
<msg timestamp="20220422 09:21:47.272" level="INFO">Current page contains element 'id:truste-consent-close'.</msg>
<status status="PASS" starttime="20220422 09:21:47.263" endtime="20220422 09:21:47.272"/>
</kw>
<kw name="Click Element" library="SeleniumLibrary">
<arg>${cookiesElement}</arg>
<doc>Click the element identified by ``locator``.</doc>
<msg timestamp="20220422 09:21:47.272" level="INFO">Clicking element 'id:truste-consent-close'.</msg>
<status status="PASS" starttime="20220422 09:21:47.272" endtime="20220422 09:21:47.472"/>
</kw>
<kw name="Wait Until Element Is Visible" library="SeleniumLibrary">
<arg>${countryLangsubmit}</arg>
<doc>Waits until the element ``locator`` is visible.</doc>
<status status="PASS" starttime="20220422 09:21:47.472" endtime="20220422 09:21:49.500"/>
</kw>
<kw name="Element Should Be Enabled" library="SeleniumLibrary">
<arg>${countryLangsubmit}</arg>
<doc>Verifies that element identified by ``locator`` is enabled.</doc>
<status status="PASS" starttime="20220422 09:21:49.500" endtime="20220422 09:21:49.522"/>
</kw>
<status status="PASS" starttime="20220422 09:21:46.840" endtime="20220422 09:21:49.522"/>
</kw>
<kw name="Close Browser" library="SeleniumLibrary" type="TEARDOWN">
<doc>Closes the current browser.</doc>
<status status="PASS" starttime="20220422 09:21:49.522" endtime="20220422 09:21:49.583"/>
</kw>
<status status="PASS" starttime="20220422 09:21:35.619" endtime="20220422 09:21:49.583"/>
</test>
<test id="s1-t5" name="Correct Country and Language" line="46">
<kw name="open browser" library="resources" type="SETUP">
<kw name="Create Webdriver" library="SeleniumLibrary">
<arg>${browser}</arg>
<arg>executable_path=${driverPath}</arg>
<doc>Creates an instance of Selenium WebDriver.</doc>
<msg timestamp="20220422 09:21:49.584" level="INFO">Creating an instance of the Chrome WebDriver.</msg>
<status status="PASS" starttime="20220422 09:21:49.584" endtime="20220422 09:21:56.086"/>
</kw>
<kw name="Go To" library="SeleniumLibrary">
<arg>${mainURL}</arg>
<doc>Navigates the current browser window to the provided ``url``.</doc>
<msg timestamp="20220422 09:21:56.086" level="INFO">Opening url 'https://www.libreview.com/'</msg>
<status status="PASS" starttime="20220422 09:21:56.086" endtime="20220422 09:22:03.324"/>
</kw>
<status status="PASS" starttime="20220422 09:21:49.584" endtime="20220422 09:22:03.325"/>
</kw>
<kw name="load country and language" library="country-language">
<kw name="pass cookies" library="country-language">
<kw name="Click Element" library="SeleniumLibrary">
<arg>${acceptCookies}</arg>
<doc>Click the element identified by ``locator``.</doc>
<msg timestamp="20220422 09:22:03.326" level="INFO">Clicking element 'id:truste-consent-button'.</msg>
<status status="PASS" starttime="20220422 09:22:03.325" endtime="20220422 09:22:03.815"/>
</kw>
<status status="PASS" starttime="20220422 09:22:03.325" endtime="20220422 09:22:03.815"/>
</kw>
<kw name="Wait Until Element Is Visible" library="SeleniumLibrary">
<arg>${dropdownMenus}</arg>
<doc>Waits until the element ``locator`` is visible.</doc>
<status status="PASS" starttime="20220422 09:22:03.815" endtime="20220422 09:22:05.973"/>
</kw>
<kw name="Location Should Be" library="SeleniumLibrary">
<arg>${countryLangURL}</arg>
<doc>Verifies that the current URL is exactly ``url``.</doc>
<msg timestamp="20220422 09:22:05.976" level="INFO">Current location is 'https://www.libreview.com/chooseCountryLanguage'.</msg>
<status status="PASS" starttime="20220422 09:22:05.973" endtime="20220422 09:22:05.976"/>
</kw>
<status status="PASS" starttime="20220422 09:22:03.325" endtime="20220422 09:22:05.976"/>
</kw>
<kw name="Select From List By Value" library="SeleniumLibrary">
<arg>${selectCountryID}</arg>
<arg>${correctCountry}</arg>
<doc>Selects options from selection list ``locator`` by ``values``.</doc>
<msg timestamp="20220422 09:22:05.976" level="INFO">Selecting options from selection list 'id:country-select' by value US.</msg>
<status status="PASS" starttime="20220422 09:22:05.976" endtime="20220422 09:22:06.092"/>
</kw>
<kw name="Select From List By Value" library="SeleniumLibrary">
<arg>${selectLanguageID}</arg>
<arg>${correctLanguage}</arg>
<doc>Selects options from selection list ``locator`` by ``values``.</doc>
<msg timestamp="20220422 09:22:06.093" level="INFO">Selecting options from selection list 'id:language-select' by value en-US.</msg>
<status status="PASS" starttime="20220422 09:22:06.092" endtime="20220422 09:22:06.118"/>
</kw>
<kw name="Click Button" library="SeleniumLibrary">
<arg>${countryLangsubmit}</arg>
<doc>Clicks the button identified by ``locator``.</doc>
<msg timestamp="20220422 09:22:06.118" level="INFO">Clicking button 'id:submit-button'.</msg>
<status status="PASS" starttime="20220422 09:22:06.118" endtime="20220422 09:22:06.270"/>
</kw>
<kw name="Wait Until Element Is Visible" library="SeleniumLibrary">
<arg>${loginTitle}</arg>
<doc>Waits until the element ``locator`` is visible.</doc>
<status status="PASS" starttime="20220422 09:22:06.270" endtime="20220422 09:22:08.183"/>
</kw>
<kw name="Location Should Be" library="SeleniumLibrary">
<arg>${mainURL}</arg>
<doc>Verifies that the current URL is exactly ``url``.</doc>
<msg timestamp="20220422 09:22:08.185" level="INFO">Current location is 'https://www.libreview.com/'.</msg>
<status status="PASS" starttime="20220422 09:22:08.183" endtime="20220422 09:22:08.185"/>
</kw>
<kw name="check if element text is correct" library="resources">
<arg>${loginTitle}</arg>
<arg>${corrTitleText}</arg>
<kw name="Wait Until Element Is Visible" library="SeleniumLibrary">
<arg>${element}</arg>
<doc>Waits until the element ``locator`` is visible.</doc>
<status status="PASS" starttime="20220422 09:22:08.186" endtime="20220422 09:22:08.197"/>
</kw>
<kw name="Element Text Should Be" library="SeleniumLibrary">
<arg>${element}</arg>
<arg>${text}</arg>
<doc>Verifies that element ``locator`` contains exact the text ``expected``.</doc>
<msg timestamp="20220422 09:22:08.198" level="INFO">Verifying element 'id:login-title-text' contains exact text 'Member Login'.</msg>
<status status="PASS" starttime="20220422 09:22:08.197" endtime="20220422 09:22:08.213"/>
</kw>
<status status="PASS" starttime="20220422 09:22:08.186" endtime="20220422 09:22:08.213"/>
</kw>
<kw name="Close Browser" library="SeleniumLibrary" type="TEARDOWN">
<doc>Closes the current browser.</doc>
<status status="PASS" starttime="20220422 09:22:08.214" endtime="20220422 09:22:08.288"/>
</kw>
<status status="PASS" starttime="20220422 09:21:49.584" endtime="20220422 09:22:08.288"/>
</test>
<test id="s1-t6" name="Submit with No Country" line="56">
<kw name="open browser" library="resources" type="SETUP">
<kw name="Create Webdriver" library="SeleniumLibrary">
<arg>${browser}</arg>
<arg>executable_path=${driverPath}</arg>
<doc>Creates an instance of Selenium WebDriver.</doc>
<msg timestamp="20220422 09:22:08.289" level="INFO">Creating an instance of the Chrome WebDriver.</msg>
<status status="PASS" starttime="20220422 09:22:08.289" endtime="20220422 09:22:13.795"/>
</kw>
<kw name="Go To" library="SeleniumLibrary">
<arg>${mainURL}</arg>
<doc>Navigates the current browser window to the provided ``url``.</doc>
<msg timestamp="20220422 09:22:13.796" level="INFO">Opening url 'https://www.libreview.com/'</msg>
<status status="PASS" starttime="20220422 09:22:13.795" endtime="20220422 09:22:21.457"/>
</kw>
<status status="PASS" starttime="20220422 09:22:08.289" endtime="20220422 09:22:21.457"/>
</kw>
<kw name="load country and language" library="country-language">
<kw name="pass cookies" library="country-language">
<kw name="Click Element" library="SeleniumLibrary">
<arg>${acceptCookies}</arg>
<doc>Click the element identified by ``locator``.</doc>
<msg timestamp="20220422 09:22:21.458" level="INFO">Clicking element 'id:truste-consent-button'.</msg>
<status status="PASS" starttime="20220422 09:22:21.458" endtime="20220422 09:22:22.025"/>
</kw>
<status status="PASS" starttime="20220422 09:22:21.458" endtime="20220422 09:22:22.025"/>
</kw>
<kw name="Wait Until Element Is Visible" library="SeleniumLibrary">
<arg>${dropdownMenus}</arg>
<doc>Waits until the element ``locator`` is visible.</doc>
<status status="PASS" starttime="20220422 09:22:22.025" endtime="20220422 09:22:24.073"/>
</kw>
<kw name="Location Should Be" library="SeleniumLibrary">
<arg>${countryLangURL}</arg>
<doc>Verifies that the current URL is exactly ``url``.</doc>
<msg timestamp="20220422 09:22:24.076" level="INFO">Current location is 'https://www.libreview.com/chooseCountryLanguage'.</msg>
<status status="PASS" starttime="20220422 09:22:24.073" endtime="20220422 09:22:24.076"/>
</kw>
<status status="PASS" starttime="20220422 09:22:21.457" endtime="20220422 09:22:24.076"/>
</kw>
<kw name="Click Button" library="SeleniumLibrary">
<arg>${countryLangsubmit}</arg>
<doc>Clicks the button identified by ``locator``.</doc>
<msg timestamp="20220422 09:22:24.076" level="INFO">Clicking button 'id:submit-button'.</msg>
<status status="PASS" starttime="20220422 09:22:24.076" endtime="20220422 09:22:24.265"/>
</kw>
<kw name="check if element text is correct" library="resources">
<arg>${countryError}</arg>
<arg>${countryErrorMessage}</arg>
<kw name="Wait Until Element Is Visible" library="SeleniumLibrary">
<arg>${element}</arg>
<doc>Waits until the element ``locator`` is visible.</doc>
<status status="PASS" starttime="20220422 09:22:24.266" endtime="20220422 09:22:24.281"/>
</kw>
<kw name="Element Text Should Be" library="SeleniumLibrary">
<arg>${element}</arg>
<arg>${text}</arg>
<doc>Verifies that element ``locator`` contains exact the text ``expected``.</doc>
<msg timestamp="20220422 09:22:24.282" level="INFO">Verifying element 'id:country-select-error-text' contains exact text 'You must select a Country / Region of Residence'.</msg>
<status status="PASS" starttime="20220422 09:22:24.282" endtime="20220422 09:22:24.298"/>
</kw>
<status status="PASS" starttime="20220422 09:22:24.265" endtime="20220422 09:22:24.298"/>
</kw>
<kw name="Location Should Be" library="SeleniumLibrary">
<arg>${countryLangURL}</arg>
<doc>Verifies that the current URL is exactly ``url``.</doc>
<msg timestamp="20220422 09:22:24.300" level="INFO">Current location is 'https://www.libreview.com/chooseCountryLanguage'.</msg>
<status status="PASS" starttime="20220422 09:22:24.298" endtime="20220422 09:22:24.300"/>
</kw>
<kw name="Close Browser" library="SeleniumLibrary" type="TEARDOWN">
